[Wed Jun 02 13:20:37 MDT 2021] - INFO passoff.ServerTest: 	Setting up Login Valid User Test...
[Wed Jun 02 13:20:37 MDT 2021] - INFO client.Proxy: 	Clear called
[Wed Jun 02 13:20:37 MDT 2021] - INFO client.Client: 	Post without Request Body called
[Wed Jun 02 13:20:37 MDT 2021] - INFO client.Client: 	Attempting to open connection to server
[Wed Jun 02 13:20:37 MDT 2021] - INFO client.Client: 	Connection opened to server
[Wed Jun 02 13:20:37 MDT 2021] - INFO client.Client: 	Setting passoffrequest method to POST
[Wed Jun 02 13:20:37 MDT 2021] - INFO client.Client: 	Request method set to POST
[Wed Jun 02 13:20:37 MDT 2021] - INFO client.Client: 	Setting Do Output to true
[Wed Jun 02 13:20:37 MDT 2021] - INFO client.Client: 	Do Output set to true
[Wed Jun 02 13:20:37 MDT 2021] - INFO client.Client: 	Connecting to server
[Wed Jun 02 13:20:37 MDT 2021] - INFO client.Client: 	Connected to server
[Wed Jun 02 13:20:37 MDT 2021] - INFO client.Client: 	Getting response code from server
[Wed Jun 02 13:20:40 MDT 2021] - INFO client.Client: 	Response code 200 returned
[Wed Jun 02 13:20:40 MDT 2021] - INFO client.Client: 	Getting input stream from server
[Wed Jun 02 13:20:40 MDT 2021] - INFO client.Client: 	Reading input stream into a string
[Wed Jun 02 13:20:40 MDT 2021] - INFO passoff.ServerTest: 	Running Login Valid User Test...
[Wed Jun 02 13:20:43 MDT 2021] - INFO client.Proxy: 	Register called
[Wed Jun 02 13:21:07 MDT 2021] - INFO client.Client: 	Post with Request Body called
[Wed Jun 02 13:21:07 MDT 2021] - INFO client.Client: 	Attempting to open connection to server
[Wed Jun 02 13:21:07 MDT 2021] - INFO client.Client: 	Connection opened to server
[Wed Jun 02 13:21:07 MDT 2021] - INFO client.Client: 	Setting passoffrequest method to POST
[Wed Jun 02 13:21:07 MDT 2021] - INFO client.Client: 	Request method set to POST
[Wed Jun 02 13:21:07 MDT 2021] - INFO client.Client: 	Setting Do Output to true
[Wed Jun 02 13:21:07 MDT 2021] - INFO client.Client: 	Do Output set to true
[Wed Jun 02 13:21:07 MDT 2021] - INFO client.Client: 	Connecting to server
[Wed Jun 02 13:21:07 MDT 2021] - INFO client.Client: 	Connected to server
[Wed Jun 02 13:21:07 MDT 2021] - INFO client.Client: 	Opening output stream to server
[Wed Jun 02 13:21:07 MDT 2021] - INFO client.Client: 	Writing passoffrequest to server output stream
[Wed Jun 02 13:21:07 MDT 2021] - INFO client.Client: 	Request written to server output stream
[Wed Jun 02 13:21:07 MDT 2021] - INFO client.Client: 	Closing output stream to server
[Wed Jun 02 13:21:07 MDT 2021] - INFO client.Client: 	Output stream to server closed
[Wed Jun 02 13:21:07 MDT 2021] - INFO client.Client: 	Getting response code from server
[Wed Jun 02 13:21:10 MDT 2021] - INFO client.Client: 	Response code 200 returned
[Wed Jun 02 13:21:10 MDT 2021] - INFO client.Client: 	Getting input stream from server
[Wed Jun 02 13:21:10 MDT 2021] - INFO client.Client: 	Reading input stream into a string
[Wed Jun 02 13:21:28 MDT 2021] - INFO client.Proxy: 	Login called
[Wed Jun 02 13:21:51 MDT 2021] - INFO client.Client: 	Post with Request Body called
[Wed Jun 02 13:21:51 MDT 2021] - INFO client.Client: 	Attempting to open connection to server
[Wed Jun 02 13:21:51 MDT 2021] - INFO client.Client: 	Connection opened to server
[Wed Jun 02 13:21:51 MDT 2021] - INFO client.Client: 	Setting passoffrequest method to POST
[Wed Jun 02 13:21:51 MDT 2021] - INFO client.Client: 	Request method set to POST
[Wed Jun 02 13:21:51 MDT 2021] - INFO client.Client: 	Setting Do Output to true
[Wed Jun 02 13:21:51 MDT 2021] - INFO client.Client: 	Do Output set to true
[Wed Jun 02 13:21:51 MDT 2021] - INFO client.Client: 	Connecting to server
